CUDA_VISIBLE_DEVICES 0
gpu027.ihep.ac.cn
Filesystem                Size  Used Avail Use% Mounted on
devtmpfs                  189G     0  189G   0% /dev
tmpfs                     189G  1.1G  188G   1% /dev/shm
tmpfs                     189G  4.1G  185G   3% /run
tmpfs                     189G     0  189G   0% /sys/fs/cgroup
/dev/nvme0n1p3             88G   27G   62G  31% /
/dev/nvme0n1p5            776G   27G  749G   4% /tmp
/dev/nvme0n1p2           1014M  169M  846M  17% /boot
/dev/nvme0n1p1            200M   12M  189M   6% /boot/efi
/dev/nvme0n1p4             30G   78M   30G   1% /usr/vice/cache
AFS                       2.0T     0  2.0T   0% /afs
192.168.50.33@tcp:/hpcfs  1.8P  929T  790T  55% /hpcfs
cvmfs2                     40G   26G   15G  64% /cvmfs/cvmfs-config.cern.ch
cvmfs2                     40G   26G   15G  64% /cvmfs/common.ihep.ac.cn
cvmfs2                     40G   26G   15G  64% /cvmfs/bes3.ihep.ac.cn
cvmfs2                     40G   26G   15G  64% /cvmfs/juno.ihep.ac.cn
cvmfs2                     40G   26G   15G  64% /cvmfs/atlas.cern.ch
cvmfs2                     40G   26G   15G  64% /cvmfs/cms.cern.ch
cvmfs2                     40G   26G   15G  64% /cvmfs/cepc.ihep.ac.cn
cvmfs2                     40G   26G   15G  64% /cvmfs/lhaaso.ihep.ac.cn
cvmfs2                     40G   26G   15G  64% /cvmfs/sft.cern.ch
eospublic                 2.2P  1.9P  315T  86% /eos/public
eoshxmt                   734T  494T  240T  68% /mnt/hxmt
cvmfs2                     40G   26G   15G  64% /cvmfs/lqcd.ihep.ac.cn
cvmfs2                     40G   26G   15G  64% /cvmfs/mlgpu.ihep.ac.cn
cvmfs2                     40G   26G   15G  64% /cvmfs/container.ihep.ac.cn
cvmfs2                     40G   26G   15G  64% /cvmfs/sft-nightlies.cern.ch
/hpcfs/bes/mlgpu/liaoyp/miniconda3/bin/python
Namespace(D_pkl_path='/hpcfs/bes/mlgpu/liaoyp/jupyter/CGEM/Model/pkl_path/D_test.pkl', D_restore_pkl_path='/hpcfs/bes/mlgpu/liaoyp/jupyter/CGEM/2021code/infoGAN/Model/pkl_path/D_test.pkl', G_pkl_path='/hpcfs/bes/mlgpu/liaoyp/jupyter/CGEM/Model/pkl_path/G_test.pkl', G_restore_pkl_path='/hpcfs/bes/mlgpu/liaoyp/jupyter/CGEM/Model/pkl_path/G_test.pkl', b1=0.5, b2=0.999, batch_size=25, channels=1, code_dim=2, datafile='/hpcfs/bes/mlgpu/liaoyp/jupyter/CGEM/datasets/xzt_3D_92_10000.root', img_size=92, latent_dim=62, lr=0.0002, n_classes=10, n_epochs=400, num_hist=3500, restore=False)
2021-05-20 22:04:01,595 - None.main[INFO]: constructing graph
2021-05-20 22:04:04,464 - None.main[INFO]: Start loading data:
2021-05-20 22:04:04,464 - None.main[INFO]: /hpcfs/bes/mlgpu/liaoyp/jupyter/CGEM/datasets/xzt_3D_92_10000.root
2021-05-20 22:16:19,432 - None.main[INFO]: Load data successfully! Start training...
2021-05-20 22:17:20,740 - None.main[INFO]: 1 epoch completed! This code is running successfully!
